[2025-01-11 11:43:58,031: INFO: main: Hello ]
[2025-01-11 12:35:26,250: INFO: common: yaml file: config\config.yaml loaded successfully]
[2025-01-11 12:35:26,252: INFO: common: yaml file: schema.yaml loaded successfully]
[2025-01-11 12:36:05,777: INFO: common: yaml file: config\config.yaml loaded successfully]
[2025-01-11 12:36:05,789: INFO: common: yaml file: schema.yaml loaded successfully]
[2025-01-11 12:36:05,793: INFO: common: yaml file: params.yaml loaded successfully]
[2025-01-11 12:36:05,795: INFO: common: created directory at: artifacts]
[2025-01-11 12:36:05,796: INFO: common: created directory at: artifacts/data_ingestion]
[2025-01-11 12:36:07,744: INFO: 2937667266: artifacts/data_ingestion/data.zip download! with the following info: 
Connection: close
Content-Length: 11939
Cache-Control: max-age=300
Content-Security-Policy: default-src 'none'; style-src 'unsafe-inline'; sandbox
Content-Type: application/zip
ETag: "1a94a2e500c6a3d4655ed5e5b3bc24bf8cbf13df88bd469e1bbe4c8e53cbd5f2"
Strict-Transport-Security: max-age=31536000
X-Content-Type-Options: nosniff
X-Frame-Options: deny
X-XSS-Protection: 1; mode=block
X-GitHub-Request-Id: 1D99:1A9B9B:2E8443:3AF827:67821844
Accept-Ranges: bytes
Date: Sat, 11 Jan 2025 07:05:43 GMT
Via: 1.1 varnish
X-Served-By: cache-bom4733-BOM
X-Cache: MISS
X-Cache-Hits: 0
X-Timer: S1736579144.540648,VS0,VE388
Vary: Authorization,Accept-Encoding,Origin
Access-Control-Allow-Origin: *
Cross-Origin-Resource-Policy: cross-origin
X-Fastly-Request-ID: cfdb9aa17bb99351f8446261688e3b9ee6ffccab
Expires: Sat, 11 Jan 2025 07:10:43 GMT
Source-Age: 0

]
[2025-01-11 12:44:47,578: INFO: main: >>>>>> stage Data Ingestion stage started <<<<<<]
[2025-01-11 12:44:47,578: INFO: common: yaml file: config\config.yaml loaded successfully]
[2025-01-11 12:44:47,578: INFO: common: yaml file: schema.yaml loaded successfully]
[2025-01-11 12:44:47,578: INFO: common: yaml file: params.yaml loaded successfully]
[2025-01-11 12:44:47,578: INFO: common: created directory at: artifacts]
[2025-01-11 12:44:47,578: INFO: common: created directory at: artifacts/data_ingestion]
[2025-01-11 12:44:47,578: INFO: data_ingestion: File already exists of size: ~ 12 KB]
[2025-01-11 12:44:47,578: INFO: main: >>>>>> stage Data Ingestion stage completed <<<<<<

x==========x]
[2025-01-11 12:45:15,349: INFO: main: >>>>>> stage Data Ingestion stage started <<<<<<]
[2025-01-11 12:45:15,349: INFO: common: yaml file: config\config.yaml loaded successfully]
[2025-01-11 12:45:15,349: INFO: common: yaml file: schema.yaml loaded successfully]
[2025-01-11 12:45:15,354: INFO: common: yaml file: params.yaml loaded successfully]
[2025-01-11 12:45:15,354: INFO: common: created directory at: artifacts]
[2025-01-11 12:45:15,355: INFO: common: created directory at: artifacts/data_ingestion]
[2025-01-11 12:45:17,105: INFO: data_ingestion: artifacts/data_ingestion/data.zip download! with the following info: 
Connection: close
Content-Length: 11939
Cache-Control: max-age=300
Content-Security-Policy: default-src 'none'; style-src 'unsafe-inline'; sandbox
Content-Type: application/zip
ETag: "1a94a2e500c6a3d4655ed5e5b3bc24bf8cbf13df88bd469e1bbe4c8e53cbd5f2"
Strict-Transport-Security: max-age=31536000
X-Content-Type-Options: nosniff
X-Frame-Options: deny
X-XSS-Protection: 1; mode=block
X-GitHub-Request-Id: 1D99:1A9B9B:2E8443:3AF827:67821844
Accept-Ranges: bytes
Date: Sat, 11 Jan 2025 07:14:53 GMT
Via: 1.1 varnish
X-Served-By: cache-bom4742-BOM
X-Cache: HIT
X-Cache-Hits: 0
X-Timer: S1736579693.091716,VS0,VE241
Vary: Authorization,Accept-Encoding,Origin
Access-Control-Allow-Origin: *
Cross-Origin-Resource-Policy: cross-origin
X-Fastly-Request-ID: df9cbdfbb74d33fced2586a86839026704e92ff4
Expires: Sat, 11 Jan 2025 07:19:53 GMT
Source-Age: 0

]
[2025-01-11 12:45:17,139: INFO: main: >>>>>> stage Data Ingestion stage completed <<<<<<

x==========x]
